  find.cpp
C:\Users\yuyuk\Desktop\aalto_work and_course\CS & AI\c++\Cpp-0-1-Resource-master\Cpp-0-1-Resource-master\coding_cpp_0_1\find查找算法\find.cpp(22,9): error C2065: “Person”: 未声明的标识符
C:\Users\yuyuk\Desktop\aalto_work and_course\CS & AI\c++\Cpp-0-1-Resource-master\Cpp-0-1-Resource-master\coding_cpp_0_1\find查找算法\find.cpp(22,2): error C2923: “std::vector”: 对于参数“_Ty”，“Person”不是有效的 模板 类型变量
C:\Users\yuyuk\Desktop\aalto_work and_course\CS & AI\c++\Cpp-0-1-Resource-master\Cpp-0-1-Resource-master\coding_cpp_0_1\find查找算法\find.cpp(22,2): error C2976: “std::vector”: 模板 参数太少
C:\Program Files (x86)\Microsoft Visual Studio\2019\Community\VC\Tools\MSVC\14.26.28801\include\vector(412): message : 参见“std::vector”的声明
C:\Users\yuyuk\Desktop\aalto_work and_course\CS & AI\c++\Cpp-0-1-Resource-master\Cpp-0-1-Resource-master\coding_cpp_0_1\find查找算法\find.cpp(22,18): error C2133: “v”: 未知的大小
C:\Users\yuyuk\Desktop\aalto_work and_course\CS & AI\c++\Cpp-0-1-Resource-master\Cpp-0-1-Resource-master\coding_cpp_0_1\find查找算法\find.cpp(22,17): error C2512: “std::vector”: 没有合适的默认构造函数可用
C:\Program Files (x86)\Microsoft Visual Studio\2019\Community\VC\Tools\MSVC\14.26.28801\include\vector(412,14): message : 参见“std::vector”的声明
C:\Users\yuyuk\Desktop\aalto_work and_course\CS & AI\c++\Cpp-0-1-Resource-master\Cpp-0-1-Resource-master\coding_cpp_0_1\find查找算法\find.cpp(23,2): error C2065: “Person”: 未声明的标识符
C:\Users\yuyuk\Desktop\aalto_work and_course\CS & AI\c++\Cpp-0-1-Resource-master\Cpp-0-1-Resource-master\coding_cpp_0_1\find查找算法\find.cpp(23,9): error C2146: 语法错误: 缺少“;”(在标识符“p1”的前面)
C:\Users\yuyuk\Desktop\aalto_work and_course\CS & AI\c++\Cpp-0-1-Resource-master\Cpp-0-1-Resource-master\coding_cpp_0_1\find查找算法\find.cpp(23,9): error C3861: “p1”: 找不到标识符
C:\Users\yuyuk\Desktop\aalto_work and_course\CS & AI\c++\Cpp-0-1-Resource-master\Cpp-0-1-Resource-master\coding_cpp_0_1\find查找算法\find.cpp(24,2): error C2065: “Person”: 未声明的标识符
C:\Users\yuyuk\Desktop\aalto_work and_course\CS & AI\c++\Cpp-0-1-Resource-master\Cpp-0-1-Resource-master\coding_cpp_0_1\find查找算法\find.cpp(24,9): error C2146: 语法错误: 缺少“;”(在标识符“p2”的前面)
C:\Users\yuyuk\Desktop\aalto_work and_course\CS & AI\c++\Cpp-0-1-Resource-master\Cpp-0-1-Resource-master\coding_cpp_0_1\find查找算法\find.cpp(24,9): error C3861: “p2”: 找不到标识符
C:\Users\yuyuk\Desktop\aalto_work and_course\CS & AI\c++\Cpp-0-1-Resource-master\Cpp-0-1-Resource-master\coding_cpp_0_1\find查找算法\find.cpp(25,2): error C2065: “Person”: 未声明的标识符
C:\Users\yuyuk\Desktop\aalto_work and_course\CS & AI\c++\Cpp-0-1-Resource-master\Cpp-0-1-Resource-master\coding_cpp_0_1\find查找算法\find.cpp(25,9): error C2146: 语法错误: 缺少“;”(在标识符“p3”的前面)
C:\Users\yuyuk\Desktop\aalto_work and_course\CS & AI\c++\Cpp-0-1-Resource-master\Cpp-0-1-Resource-master\coding_cpp_0_1\find查找算法\find.cpp(25,9): error C3861: “p3”: 找不到标识符
C:\Users\yuyuk\Desktop\aalto_work and_course\CS & AI\c++\Cpp-0-1-Resource-master\Cpp-0-1-Resource-master\coding_cpp_0_1\find查找算法\find.cpp(26,2): error C2065: “Person”: 未声明的标识符
C:\Users\yuyuk\Desktop\aalto_work and_course\CS & AI\c++\Cpp-0-1-Resource-master\Cpp-0-1-Resource-master\coding_cpp_0_1\find查找算法\find.cpp(26,9): error C2146: 语法错误: 缺少“;”(在标识符“p4”的前面)
C:\Users\yuyuk\Desktop\aalto_work and_course\CS & AI\c++\Cpp-0-1-Resource-master\Cpp-0-1-Resource-master\coding_cpp_0_1\find查找算法\find.cpp(26,9): error C3861: “p4”: 找不到标识符
C:\Users\yuyuk\Desktop\aalto_work and_course\CS & AI\c++\Cpp-0-1-Resource-master\Cpp-0-1-Resource-master\coding_cpp_0_1\find查找算法\find.cpp(28,14): error C2065: “p1”: 未声明的标识符
C:\Users\yuyuk\Desktop\aalto_work and_course\CS & AI\c++\Cpp-0-1-Resource-master\Cpp-0-1-Resource-master\coding_cpp_0_1\find查找算法\find.cpp(29,14): error C2065: “p2”: 未声明的标识符
C:\Users\yuyuk\Desktop\aalto_work and_course\CS & AI\c++\Cpp-0-1-Resource-master\Cpp-0-1-Resource-master\coding_cpp_0_1\find查找算法\find.cpp(30,14): error C2065: “p3”: 未声明的标识符
C:\Users\yuyuk\Desktop\aalto_work and_course\CS & AI\c++\Cpp-0-1-Resource-master\Cpp-0-1-Resource-master\coding_cpp_0_1\find查找算法\find.cpp(31,14): error C2065: “p4”: 未声明的标识符
C:\Users\yuyuk\Desktop\aalto_work and_course\CS & AI\c++\Cpp-0-1-Resource-master\Cpp-0-1-Resource-master\coding_cpp_0_1\find查找算法\find.cpp(33,9): error C2065: “Person”: 未声明的标识符
C:\Users\yuyuk\Desktop\aalto_work and_course\CS & AI\c++\Cpp-0-1-Resource-master\Cpp-0-1-Resource-master\coding_cpp_0_1\find查找算法\find.cpp(33,2): error C2923: “std::vector”: 对于参数“_Ty”，“Person”不是有效的 模板 类型变量
C:\Users\yuyuk\Desktop\aalto_work and_course\CS & AI\c++\Cpp-0-1-Resource-master\Cpp-0-1-Resource-master\coding_cpp_0_1\find查找算法\find.cpp(33,2): error C2976: “std::vector”: 模板 参数太少
C:\Program Files (x86)\Microsoft Visual Studio\2019\Community\VC\Tools\MSVC\14.26.28801\include\vector(412): message : 参见“std::vector”的声明
C:\Users\yuyuk\Desktop\aalto_work and_course\CS & AI\c++\Cpp-0-1-Resource-master\Cpp-0-1-Resource-master\coding_cpp_0_1\find查找算法\find.cpp(33,18): error C2955: “std::vector”: 使用 类 模板 需要 模板 参数列表
C:\Program Files (x86)\Microsoft Visual Studio\2019\Community\VC\Tools\MSVC\14.26.28801\include\vector(412): message : 参见“std::vector”的声明
C:\Users\yuyuk\Desktop\aalto_work and_course\CS & AI\c++\Cpp-0-1-Resource-master\Cpp-0-1-Resource-master\coding_cpp_0_1\find查找算法\find.cpp(33,38): error C2663: “std::vector<_Ty,_Alloc>::begin”: 2 个重载没有“this”指针的合法转换
C:\Users\yuyuk\Desktop\aalto_work and_course\CS & AI\c++\Cpp-0-1-Resource-master\Cpp-0-1-Resource-master\coding_cpp_0_1\find查找算法\find.cpp(33,49): error C2663: “std::vector<_Ty,_Alloc>::end”: 2 个重载没有“this”指针的合法转换
C:\Users\yuyuk\Desktop\aalto_work and_course\CS & AI\c++\Cpp-0-1-Resource-master\Cpp-0-1-Resource-master\coding_cpp_0_1\find查找算法\find.cpp(33,57): error C2065: “p2”: 未声明的标识符
C:\Users\yuyuk\Desktop\aalto_work and_course\CS & AI\c++\Cpp-0-1-Resource-master\Cpp-0-1-Resource-master\coding_cpp_0_1\find查找算法\find.cpp(33,32): error C2672: “std::find”: 未找到匹配的重载函数
C:\Users\yuyuk\Desktop\aalto_work and_course\CS & AI\c++\Cpp-0-1-Resource-master\Cpp-0-1-Resource-master\coding_cpp_0_1\find查找算法\find.cpp(33,59): error C2780: “_InIt std::find(_InIt,const _InIt,const _Ty &)”: 应输入 3 个参数，却提供了 2 个
C:\Program Files (x86)\Microsoft Visual Studio\2019\Community\VC\Tools\MSVC\14.26.28801\include\xutility(4888): message : 参见“std::find”的声明
C:\Users\yuyuk\Desktop\aalto_work and_course\CS & AI\c++\Cpp-0-1-Resource-master\Cpp-0-1-Resource-master\coding_cpp_0_1\find查找算法\find.cpp(33,30): error C2512: “std::_Vector_iterator<std::_Vector_val<conditional<std::_Is_simple_alloc_v<allocator_traits<_Alloc>::rebind_alloc<_Ty>>,std::_Simple_types<_Value_type>,std::_Vec_iter_types<_Ty,allocator_traits<allocator_traits<_Alloc>::rebind_alloc<_Ty>>::size_type,allocator_traits<allocator_traits<_Alloc>::rebind_alloc<_Ty>>::difference_type,allocator_traits<allocator_traits<_Alloc>::rebind_alloc<_Ty>>::pointer,allocator_traits<allocator_traits<_Alloc>::rebind_alloc<_Ty>>::const_pointer,_Ty&,const _Ty&>>::type>>”: 没有合适的默认构造函数可用
C:\Program Files (x86)\Microsoft Visual Studio\2019\Community\VC\Tools\MSVC\14.26.28801\include\vector(439,36): message : 参见“std::_Vector_iterator<std::_Vector_val<conditional<std::_Is_simple_alloc_v<allocator_traits<_Alloc>::rebind_alloc<_Ty>>,std::_Simple_types<_Value_type>,std::_Vec_iter_types<_Ty,allocator_traits<allocator_traits<_Alloc>::rebind_alloc<_Ty>>::size_type,allocator_traits<allocator_traits<_Alloc>::rebind_alloc<_Ty>>::difference_type,allocator_traits<allocator_traits<_Alloc>::rebind_alloc<_Ty>>::pointer,allocator_traits<allocator_traits<_Alloc>::rebind_alloc<_Ty>>::const_pointer,_Ty&,const _Ty&>>::type>>”的声明
C:\Users\yuyuk\Desktop\aalto_work and_course\CS & AI\c++\Cpp-0-1-Resource-master\Cpp-0-1-Resource-master\coding_cpp_0_1\find查找算法\find.cpp(34,13): error C2663: “std::vector<_Ty,_Alloc>::end”: 2 个重载没有“this”指针的合法转换
C:\Users\yuyuk\Desktop\aalto_work and_course\CS & AI\c++\Cpp-0-1-Resource-master\Cpp-0-1-Resource-master\coding_cpp_0_1\find查找算法\find.cpp(38,34): error C2678: 二进制“->”: 没有找到接受“std::_Vector_iterator<std::_Vector_val<conditional<std::_Is_simple_alloc_v<allocator_traits<_Alloc>::rebind_alloc<_Ty>>,std::_Simple_types<_Value_type>,std::_Vec_iter_types<_Ty,allocator_traits<allocator_traits<_Alloc>::rebind_alloc<_Ty>>::size_type,allocator_traits<allocator_traits<_Alloc>::rebind_alloc<_Ty>>::difference_type,allocator_traits<allocator_traits<_Alloc>::rebind_alloc<_Ty>>::pointer,allocator_traits<allocator_traits<_Alloc>::rebind_alloc<_Ty>>::const_pointer,_Ty&,const _Ty&>>::type>>”类型的左操作数的运算符(或没有可接受的转换)
C:\Program Files (x86)\Microsoft Visual Studio\2019\Community\VC\Tools\MSVC\14.26.28801\include\vector(255,24): message : 可能是“_Myvec::pointer std::_Vector_iterator<_Myvec>::operator ->(void) const”
C:\Users\yuyuk\Desktop\aalto_work and_course\CS & AI\c++\Cpp-0-1-Resource-master\Cpp-0-1-Resource-master\coding_cpp_0_1\find查找算法\find.cpp(38,34): message : 尝试匹配参数列表“(std::_Vector_iterator<std::_Vector_val<conditional<std::_Is_simple_alloc_v<allocator_traits<_Alloc>::rebind_alloc<_Ty>>,std::_Simple_types<_Value_type>,std::_Vec_iter_types<_Ty,allocator_traits<allocator_traits<_Alloc>::rebind_alloc<_Ty>>::size_type,allocator_traits<allocator_traits<_Alloc>::rebind_alloc<_Ty>>::difference_type,allocator_traits<allocator_traits<_Alloc>::rebind_alloc<_Ty>>::pointer,allocator_traits<allocator_traits<_Alloc>::rebind_alloc<_Ty>>::const_pointer,_Ty&,const _Ty&>>::type>>)”时
C:\Users\yuyuk\Desktop\aalto_work and_course\CS & AI\c++\Cpp-0-1-Resource-master\Cpp-0-1-Resource-master\coding_cpp_0_1\find查找算法\find.cpp(38,65): error C2678: 二进制“->”: 没有找到接受“std::_Vector_iterator<std::_Vector_val<conditional<std::_Is_simple_alloc_v<allocator_traits<_Alloc>::rebind_alloc<_Ty>>,std::_Simple_types<_Value_type>,std::_Vec_iter_types<_Ty,allocator_traits<allocator_traits<_Alloc>::rebind_alloc<_Ty>>::size_type,allocator_traits<allocator_traits<_Alloc>::rebind_alloc<_Ty>>::difference_type,allocator_traits<allocator_traits<_Alloc>::rebind_alloc<_Ty>>::pointer,allocator_traits<allocator_traits<_Alloc>::rebind_alloc<_Ty>>::const_pointer,_Ty&,const _Ty&>>::type>>”类型的左操作数的运算符(或没有可接受的转换)
C:\Program Files (x86)\Microsoft Visual Studio\2019\Community\VC\Tools\MSVC\14.26.28801\include\vector(255,24): message : 可能是“_Myvec::pointer std::_Vector_iterator<_Myvec>::operator ->(void) const”
C:\Users\yuyuk\Desktop\aalto_work and_course\CS & AI\c++\Cpp-0-1-Resource-master\Cpp-0-1-Resource-master\coding_cpp_0_1\find查找算法\find.cpp(38,65): message : 尝试匹配参数列表“(std::_Vector_iterator<std::_Vector_val<conditional<std::_Is_simple_alloc_v<allocator_traits<_Alloc>::rebind_alloc<_Ty>>,std::_Simple_types<_Value_type>,std::_Vec_iter_types<_Ty,allocator_traits<allocator_traits<_Alloc>::rebind_alloc<_Ty>>::size_type,allocator_traits<allocator_traits<_Alloc>::rebind_alloc<_Ty>>::difference_type,allocator_traits<allocator_traits<_Alloc>::rebind_alloc<_Ty>>::pointer,allocator_traits<allocator_traits<_Alloc>::rebind_alloc<_Ty>>::const_pointer,_Ty&,const _Ty&>>::type>>)”时
